0 info it worked if it ends with ok
1 verbose cli [ 'D:\\Program Files\\nodejs\\node.exe',
1 verbose cli   'D:\\Program Files\\nodejs\\node_modules\\npm\\bin\\npm-cli.js',
1 verbose cli   'install',
1 verbose cli   'canvas' ]
2 info using npm@2.15.1
3 info using node@v4.4.3
4 verbose install initial load of D:\projects\note\package.json
5 verbose installManyTop reading scoped package data from D:\projects\note\node_modules\body-parser\package.json
6 verbose installManyTop reading scoped package data from D:\projects\note\node_modules\cookie-parser\package.json
7 verbose installManyTop reading scoped package data from D:\projects\note\node_modules\debug\package.json
8 verbose installManyTop reading scoped package data from D:\projects\note\node_modules\express\package.json
9 verbose installManyTop reading scoped package data from D:\projects\note\node_modules\helmet\package.json
10 verbose installManyTop reading scoped package data from D:\projects\note\node_modules\jade\package.json
11 verbose installManyTop reading scoped package data from D:\projects\note\node_modules\less-middleware\package.json
12 verbose installManyTop reading scoped package data from D:\projects\note\node_modules\markdown\package.json
13 verbose installManyTop reading scoped package data from D:\projects\note\node_modules\marked\package.json
14 verbose installManyTop reading scoped package data from D:\projects\note\node_modules\mongodb\package.json
15 verbose installManyTop reading scoped package data from D:\projects\note\node_modules\mongoose\package.json
16 verbose installManyTop reading scoped package data from D:\projects\note\node_modules\morgan\package.json
17 verbose installManyTop reading scoped package data from D:\projects\note\node_modules\mpromise\package.json
18 verbose installManyTop reading scoped package data from D:\projects\note\node_modules\serve-favicon\package.json
19 verbose installManyTop reading scoped package data from D:\projects\note\node_modules\xss\package.json
20 info package.json less-middleware@1.0.4 No license field.
21 info package.json markdown@0.5.0 No license field.
22 info package.json mongodb@2.2.5 No README data
23 info package.json xss@0.2.13 No license field.
24 verbose readDependencies loading dependencies from D:\projects\note\package.json
25 silly cache add args [ 'canvas', null ]
26 verbose cache add spec canvas
27 silly cache add parsed spec Result {
27 silly cache add   raw: 'canvas',
27 silly cache add   scope: null,
27 silly cache add   name: 'canvas',
27 silly cache add   rawSpec: '',
27 silly cache add   spec: 'latest',
27 silly cache add   type: 'tag' }
28 silly addNamed canvas@latest
29 verbose addNamed "latest" is being treated as a dist-tag for canvas
30 info addNameTag [ 'canvas', 'latest' ]
31 silly mapToRegistry name canvas
32 silly mapToRegistry using default registry
33 silly mapToRegistry registry https://registry.npmjs.org/
34 silly mapToRegistry data Result {
34 silly mapToRegistry   raw: 'canvas',
34 silly mapToRegistry   scope: null,
34 silly mapToRegistry   name: 'canvas',
34 silly mapToRegistry   rawSpec: '',
34 silly mapToRegistry   spec: 'latest',
34 silly mapToRegistry   type: 'tag' }
35 silly mapToRegistry uri https://registry.npmjs.org/canvas
36 verbose addNameTag registry:https://registry.npmjs.org/canvas not in flight; fetching
37 verbose request uri https://registry.npmjs.org/canvas
38 verbose request no auth needed
39 info attempt registry request try #1 at 18:40:43
40 verbose request id 2c2c179dbbf71d7a
41 verbose etag "8NZPF2IOX0YIBXYY9MW95UOP9"
42 http request GET https://registry.npmjs.org/canvas
43 http 304 https://registry.npmjs.org/canvas
44 verbose headers { date: 'Sun, 14 Aug 2016 10:40:44 GMT',
44 verbose headers   via: '1.1 varnish',
44 verbose headers   'cache-control': 'max-age=300',
44 verbose headers   etag: '"8NZPF2IOX0YIBXYY9MW95UOP9"',
44 verbose headers   age: '191',
44 verbose headers   connection: 'keep-alive',
44 verbose headers   'x-served-by': 'cache-sea1926-SEA',
44 verbose headers   'x-cache': 'HIT',
44 verbose headers   'x-cache-hits': '1',
44 verbose headers   'x-timer': 'S1471171244.269374,VS0,VE0',
44 verbose headers   vary: 'Accept-Encoding' }
45 silly get cb [ 304,
45 silly get   { date: 'Sun, 14 Aug 2016 10:40:44 GMT',
45 silly get     via: '1.1 varnish',
45 silly get     'cache-control': 'max-age=300',
45 silly get     etag: '"8NZPF2IOX0YIBXYY9MW95UOP9"',
45 silly get     age: '191',
45 silly get     connection: 'keep-alive',
45 silly get     'x-served-by': 'cache-sea1926-SEA',
45 silly get     'x-cache': 'HIT',
45 silly get     'x-cache-hits': '1',
45 silly get     'x-timer': 'S1471171244.269374,VS0,VE0',
45 silly get     vary: 'Accept-Encoding' } ]
46 verbose etag https://registry.npmjs.org/canvas from cache
47 verbose get saving canvas to C:\Users\Administrator\AppData\Roaming\npm-cache\registry.npmjs.org\canvas\.cache.json
48 verbose correctMkdir C:\Users\Administrator\AppData\Roaming\npm-cache correctMkdir not in flight; initializing
49 silly addNameTag next cb for canvas with tag latest
50 silly addNamed canvas@1.4.0
51 verbose addNamed "1.4.0" is a plain semver version for canvas
52 silly mapToRegistry name canvas
53 silly mapToRegistry using default registry
54 silly mapToRegistry registry https://registry.npmjs.org/
55 silly mapToRegistry data Result {
55 silly mapToRegistry   raw: 'canvas',
55 silly mapToRegistry   scope: null,
55 silly mapToRegistry   name: 'canvas',
55 silly mapToRegistry   rawSpec: '',
55 silly mapToRegistry   spec: 'latest',
55 silly mapToRegistry   type: 'tag' }
56 silly mapToRegistry uri https://registry.npmjs.org/canvas
57 verbose addRemoteTarball https://registry.npmjs.org/canvas/-/canvas-1.4.0.tgz not in flight; adding
58 verbose addRemoteTarball [ 'https://registry.npmjs.org/canvas/-/canvas-1.4.0.tgz',
58 verbose addRemoteTarball   '5071559b39f8a21964486e6e36b1c42b02392d51' ]
59 info retry fetch attempt 1 at 18:40:45
60 info attempt registry request try #1 at 18:40:45
61 http fetch GET https://registry.npmjs.org/canvas/-/canvas-1.4.0.tgz
62 http fetch 200 https://registry.npmjs.org/canvas/-/canvas-1.4.0.tgz
63 silly fetchAndShaCheck shasum 5071559b39f8a21964486e6e36b1c42b02392d51
64 verbose addTmpTarball C:\Users\ADMINI~1\AppData\Local\Temp\npm-8044-6ac54963\registry.npmjs.org\canvas\-\canvas-1.4.0.tgz not in flight; adding
65 verbose addTmpTarball already have metadata; skipping unpack for canvas@1.4.0
66 verbose correctMkdir C:\Users\Administrator\AppData\Roaming\npm-cache correctMkdir not in flight; initializing
67 silly cache afterAdd canvas@1.4.0
68 verbose afterAdd C:\Users\Administrator\AppData\Roaming\npm-cache\canvas\1.4.0\package\package.json not in flight; writing
69 verbose correctMkdir C:\Users\Administrator\AppData\Roaming\npm-cache correctMkdir not in flight; initializing
70 verbose afterAdd C:\Users\Administrator\AppData\Roaming\npm-cache\canvas\1.4.0\package\package.json written
71 silly install resolved [ { name: 'canvas',
71 silly install resolved     description: 'Canvas graphics API backed by Cairo',
71 silly install resolved     version: '1.4.0',
71 silly install resolved     author: { name: 'TJ Holowaychuk', email: 'tj@learnboost.com' },
71 silly install resolved     contributors: [ [Object], [Object], [Object] ],
71 silly install resolved     keywords:
71 silly install resolved      [ 'canvas',
71 silly install resolved        'graphic',
71 silly install resolved        'graphics',
71 silly install resolved        'pixman',
71 silly install resolved        'cairo',
71 silly install resolved        'image',
71 silly install resolved        'images',
71 silly install resolved        'pdf' ],
71 silly install resolved     homepage: 'https://github.com/Automattic/node-canvas',
71 silly install resolved     repository:
71 silly install resolved      { type: 'git',
71 silly install resolved        url: 'git://github.com/Automattic/node-canvas.git' },
71 silly install resolved     scripts:
71 silly install resolved      { prebenchmark: 'node-gyp build',
71 silly install resolved        benchmark: 'node benchmarks/run.js',
71 silly install resolved        pretest: 'node-gyp build',
71 silly install resolved        test: 'standard examples/*.js && mocha test/*.test.js',
71 silly install resolved        'pretest-server': 'node-gyp build',
71 silly install resolved        'test-server': 'node test/server.js',
71 silly install resolved        install: 'node-gyp rebuild' },
71 silly install resolved     dependencies: { nan: '^2.3.2' },
71 silly install resolved     devDependencies:
71 silly install resolved      { 'body-parser': '^1.13.3',
71 silly install resolved        express: '^4.13.2',
71 silly install resolved        jade: '^1.11.0',
71 silly install resolved        mocha: '*',
71 silly install resolved        standard: '^7.1.1' },
71 silly install resolved     engines: { node: '>=0.8.0' },
71 silly install resolved     main: './lib/canvas.js',
71 silly install resolved     license: 'MIT',
71 silly install resolved     gypfile: true,
71 silly install resolved     gitHead: 'b470ce81aabe2a78d7cdd53143de2bee46b966a7',
71 silly install resolved     bugs: { url: 'https://github.com/Automattic/node-canvas/issues' },
71 silly install resolved     _id: 'canvas@1.4.0',
71 silly install resolved     _shasum: '5071559b39f8a21964486e6e36b1c42b02392d51',
71 silly install resolved     _from: 'canvas@latest',
71 silly install resolved     _npmVersion: '3.9.3',
71 silly install resolved     _nodeVersion: '6.2.1',
71 silly install resolved     _npmUser: { name: 'linusu', email: 'linus@folkdatorn.se' },
71 silly install resolved     dist:
71 silly install resolved      { shasum: '5071559b39f8a21964486e6e36b1c42b02392d51',
71 silly install resolved        tarball: 'https://registry.npmjs.org/canvas/-/canvas-1.4.0.tgz' },
71 silly install resolved     maintainers: [ [Object], [Object], [Object], [Object], [Object], [Object] ],
71 silly install resolved     _npmOperationalInternal:
71 silly install resolved      { host: 'packages-16-east.internal.npmjs.com',
71 silly install resolved        tmp: 'tmp/canvas-1.4.0.tgz_1466406871722_0.4620345386210829' },
71 silly install resolved     directories: {},
71 silly install resolved     _resolved: 'https://registry.npmjs.org/canvas/-/canvas-1.4.0.tgz' } ]
72 info install canvas@1.4.0 into D:\projects\note
73 info installOne canvas@1.4.0
74 verbose installOne of canvas to D:\projects\note not in flight; installing
75 verbose correctMkdir C:\Users\Administrator\AppData\Roaming\npm-cache\_locks correctMkdir not in flight; initializing
76 verbose lock using C:\Users\Administrator\AppData\Roaming\npm-cache\_locks\canvas-114f0677d136c153.lock for D:\projects\note\node_modules\canvas
77 silly install write writing canvas 1.4.0 to D:\projects\note\node_modules\canvas
78 verbose unbuild node_modules\canvas
79 silly gentlyRm D:\projects\note\node_modules\canvas is being purged from base D:\projects\note
80 verbose gentlyRm don't care about contents; nuking D:\projects\note\node_modules\canvas
81 verbose tar unpack C:\Users\Administrator\AppData\Roaming\npm-cache\canvas\1.4.0\package.tgz
82 verbose tar unpacking to D:\projects\note\node_modules\canvas
83 silly gentlyRm D:\projects\note\node_modules\canvas is being purged
84 verbose gentlyRm don't care about contents; nuking D:\projects\note\node_modules\canvas
85 silly gunzTarPerm modes [ '777', '666' ]
86 silly gunzTarPerm extractEntry package.json
87 silly gunzTarPerm modified mode [ 'package.json', 420, 438 ]
88 silly gunzTarPerm extractEntry .npmignore
89 silly gunzTarPerm modified mode [ '.npmignore', 420, 438 ]
90 silly gunzTarPerm extractEntry index.js
91 silly gunzTarPerm modified mode [ 'index.js', 420, 438 ]
92 silly gunzTarPerm extractEntry Readme.md
93 silly gunzTarPerm modified mode [ 'Readme.md', 420, 438 ]
94 silly gunzTarPerm extractEntry binding.gyp
95 silly gunzTarPerm modified mode [ 'binding.gyp', 493, 511 ]
96 silly gunzTarPerm extractEntry .travis.yml
97 silly gunzTarPerm modified mode [ '.travis.yml', 420, 438 ]
98 silly gunzTarPerm extractEntry lib/bindings.js
99 silly gunzTarPerm modified mode [ 'lib/bindings.js', 420, 438 ]
100 silly gunzTarPerm extractEntry lib/canvas.js
101 silly gunzTarPerm modified mode [ 'lib/canvas.js', 420, 438 ]
102 silly gunzTarPerm extractEntry lib/context2d.js
103 silly gunzTarPerm modified mode [ 'lib/context2d.js', 420, 438 ]
104 silly gunzTarPerm extractEntry lib/image.js
105 silly gunzTarPerm modified mode [ 'lib/image.js', 420, 438 ]
106 silly gunzTarPerm extractEntry lib/jpegstream.js
107 silly gunzTarPerm modified mode [ 'lib/jpegstream.js', 420, 438 ]
108 silly gunzTarPerm extractEntry lib/pngstream.js
109 silly gunzTarPerm modified mode [ 'lib/pngstream.js', 420, 438 ]
110 silly gunzTarPerm extractEntry History.md
111 silly gunzTarPerm modified mode [ 'History.md', 420, 438 ]
112 silly gunzTarPerm extractEntry src/Image.cc
113 silly gunzTarPerm modified mode [ 'src/Image.cc', 420, 438 ]
114 silly gunzTarPerm extractEntry src/Canvas.cc
115 silly gunzTarPerm modified mode [ 'src/Canvas.cc', 420, 438 ]
116 silly gunzTarPerm extractEntry src/CanvasGradient.cc
117 silly gunzTarPerm modified mode [ 'src/CanvasGradient.cc', 420, 438 ]
118 silly gunzTarPerm extractEntry src/CanvasGradient.h
119 silly gunzTarPerm modified mode [ 'src/CanvasGradient.h', 420, 438 ]
120 silly gunzTarPerm extractEntry src/CanvasPattern.cc
121 silly gunzTarPerm modified mode [ 'src/CanvasPattern.cc', 420, 438 ]
122 silly gunzTarPerm extractEntry src/CanvasPattern.h
123 silly gunzTarPerm modified mode [ 'src/CanvasPattern.h', 420, 438 ]
124 silly gunzTarPerm extractEntry src/CanvasRenderingContext2d.cc
125 silly gunzTarPerm modified mode [ 'src/CanvasRenderingContext2d.cc', 493, 511 ]
126 silly gunzTarPerm extractEntry src/CanvasRenderingContext2d.h
127 silly gunzTarPerm modified mode [ 'src/CanvasRenderingContext2d.h', 420, 438 ]
128 silly gunzTarPerm extractEntry src/FontFace.cc
129 silly gunzTarPerm modified mode [ 'src/FontFace.cc', 493, 511 ]
130 silly gunzTarPerm extractEntry src/FontFace.h
131 silly gunzTarPerm modified mode [ 'src/FontFace.h', 420, 438 ]
132 silly gunzTarPerm extractEntry src/Canvas.h
133 silly gunzTarPerm modified mode [ 'src/Canvas.h', 420, 438 ]
134 silly gunzTarPerm extractEntry src/Image.h
135 silly gunzTarPerm modified mode [ 'src/Image.h', 420, 438 ]
136 silly gunzTarPerm extractEntry src/ImageData.cc
137 silly gunzTarPerm modified mode [ 'src/ImageData.cc', 420, 438 ]
138 silly gunzTarPerm extractEntry src/ImageData.h
139 silly gunzTarPerm modified mode [ 'src/ImageData.h', 420, 438 ]
140 silly gunzTarPerm extractEntry src/JPEGStream.h
141 silly gunzTarPerm modified mode [ 'src/JPEGStream.h', 420, 438 ]
142 silly gunzTarPerm extractEntry src/PNG.h
143 silly gunzTarPerm modified mode [ 'src/PNG.h', 420, 438 ]
144 silly gunzTarPerm extractEntry src/Point.h
145 silly gunzTarPerm modified mode [ 'src/Point.h', 420, 438 ]
146 silly gunzTarPerm extractEntry src/closure.h
147 silly gunzTarPerm modified mode [ 'src/closure.h', 420, 438 ]
148 silly gunzTarPerm extractEntry src/color.cc
149 silly gunzTarPerm modified mode [ 'src/color.cc', 420, 438 ]
150 silly gunzTarPerm extractEntry src/color.h
151 silly gunzTarPerm modified mode [ 'src/color.h', 420, 438 ]
152 silly gunzTarPerm extractEntry src/init.cc
153 silly gunzTarPerm modified mode [ 'src/init.cc', 493, 511 ]
154 silly gunzTarPerm extractEntry util/has_lib.sh
155 silly gunzTarPerm modified mode [ 'util/has_lib.sh', 493, 511 ]
156 verbose write writing to D:\projects\note\node_modules\canvas\package.json
157 info preinstall canvas@1.4.0
158 verbose readDependencies loading dependencies from D:\projects\note\node_modules\canvas\package.json
159 silly prepareForInstallMany adding nan@^2.3.2 from canvas dependencies
160 verbose readDependencies loading dependencies from D:\projects\note\node_modules\canvas\package.json
161 silly cache add args [ 'nan@^2.3.2', null ]
162 verbose cache add spec nan@^2.3.2
163 silly cache add parsed spec Result {
163 silly cache add   raw: 'nan@^2.3.2',
163 silly cache add   scope: null,
163 silly cache add   name: 'nan',
163 silly cache add   rawSpec: '^2.3.2',
163 silly cache add   spec: '>=2.3.2 <3.0.0',
163 silly cache add   type: 'range' }
164 silly addNamed nan@>=2.3.2 <3.0.0
165 verbose addNamed ">=2.3.2 <3.0.0" is a valid semver range for nan
166 silly addNameRange { name: 'nan', range: '>=2.3.2 <3.0.0', hasData: false }
167 silly mapToRegistry name nan
168 silly mapToRegistry using default registry
169 silly mapToRegistry registry https://registry.npmjs.org/
170 silly mapToRegistry data Result {
170 silly mapToRegistry   raw: 'nan',
170 silly mapToRegistry   scope: null,
170 silly mapToRegistry   name: 'nan',
170 silly mapToRegistry   rawSpec: '',
170 silly mapToRegistry   spec: 'latest',
170 silly mapToRegistry   type: 'tag' }
171 silly mapToRegistry uri https://registry.npmjs.org/nan
172 verbose addNameRange registry:https://registry.npmjs.org/nan not in flight; fetching
173 verbose request uri https://registry.npmjs.org/nan
174 verbose request no auth needed
175 info attempt registry request try #1 at 18:40:46
176 verbose etag "EGTR1APXEV7TH8V3QYT0WN357"
177 http request GET https://registry.npmjs.org/nan
178 http 304 https://registry.npmjs.org/nan
179 verbose headers { date: 'Sun, 14 Aug 2016 10:40:45 GMT',
179 verbose headers   via: '1.1 varnish',
179 verbose headers   'cache-control': 'max-age=300',
179 verbose headers   etag: '"EGTR1APXEV7TH8V3QYT0WN357"',
179 verbose headers   age: '206',
179 verbose headers   connection: 'keep-alive',
179 verbose headers   'x-served-by': 'cache-sea1926-SEA',
179 verbose headers   'x-cache': 'HIT',
179 verbose headers   'x-cache-hits': '10',
179 verbose headers   'x-timer': 'S1471171245.419149,VS0,VE0',
179 verbose headers   vary: 'Accept-Encoding' }
180 silly get cb [ 304,
180 silly get   { date: 'Sun, 14 Aug 2016 10:40:45 GMT',
180 silly get     via: '1.1 varnish',
180 silly get     'cache-control': 'max-age=300',
180 silly get     etag: '"EGTR1APXEV7TH8V3QYT0WN357"',
180 silly get     age: '206',
180 silly get     connection: 'keep-alive',
180 silly get     'x-served-by': 'cache-sea1926-SEA',
180 silly get     'x-cache': 'HIT',
180 silly get     'x-cache-hits': '10',
180 silly get     'x-timer': 'S1471171245.419149,VS0,VE0',
180 silly get     vary: 'Accept-Encoding' } ]
181 verbose etag https://registry.npmjs.org/nan from cache
182 verbose get saving nan to C:\Users\Administrator\AppData\Roaming\npm-cache\registry.npmjs.org\nan\.cache.json
183 verbose correctMkdir C:\Users\Administrator\AppData\Roaming\npm-cache correctMkdir not in flight; initializing
184 silly addNameRange number 2 { name: 'nan', range: '>=2.3.2 <3.0.0', hasData: true }
185 silly addNameRange versions [ 'nan',
185 silly addNameRange   [ '0.3.0-wip',
185 silly addNameRange     '0.3.0-wip2',
185 silly addNameRange     '0.3.0',
185 silly addNameRange     '0.3.1',
185 silly addNameRange     '0.3.2',
185 silly addNameRange     '0.4.0',
185 silly addNameRange     '0.4.1',
185 silly addNameRange     '0.4.2',
185 silly addNameRange     '0.4.3',
185 silly addNameRange     '0.4.4',
185 silly addNameRange     '0.5.0',
185 silly addNameRange     '0.5.1',
185 silly addNameRange     '0.5.2',
185 silly addNameRange     '0.6.0',
185 silly addNameRange     '0.7.0',
185 silly addNameRange     '0.7.1',
185 silly addNameRange     '0.8.0',
185 silly addNameRange     '1.0.0',
185 silly addNameRange     '1.1.0',
185 silly addNameRange     '1.1.1',
185 silly addNameRange     '1.1.2',
185 silly addNameRange     '1.2.0',
185 silly addNameRange     '1.3.0',
185 silly addNameRange     '1.4.0',
185 silly addNameRange     '1.4.1',
185 silly addNameRange     '1.5.0',
185 silly addNameRange     '1.4.2',
185 silly addNameRange     '1.4.3',
185 silly addNameRange     '1.5.1',
185 silly addNameRange     '1.5.2',
185 silly addNameRange     '1.6.0',
185 silly addNameRange     '1.5.3',
185 silly addNameRange     '1.6.1',
185 silly addNameRange     '1.6.2',
185 silly addNameRange     '1.7.0',
185 silly addNameRange     '1.8.0',
185 silly addNameRange     '1.8.1',
185 silly addNameRange     '1.8.2',
185 silly addNameRange     '1.8.3',
185 silly addNameRange     '1.8.4',
185 silly addNameRange     '1.9.0',
185 silly addNameRange     '2.0.0',
185 silly addNameRange     '2.0.1',
185 silly addNameRange     '2.0.2',
185 silly addNameRange     '2.0.3',
185 silly addNameRange     '2.0.4',
185 silly addNameRange     '2.0.5',
185 silly addNameRange     '2.0.6',
185 silly addNameRange     '2.0.7',
185 silly addNameRange     '2.0.8',
185 silly addNameRange     '2.0.9',
185 silly addNameRange     '2.1.0',
185 silly addNameRange     '2.2.0',
185 silly addNameRange     '2.2.1',
185 silly addNameRange     '2.3.0',
185 silly addNameRange     '2.3.1',
185 silly addNameRange     '2.3.2',
185 silly addNameRange     '2.3.3',
185 silly addNameRange     '2.3.4',
185 silly addNameRange     '2.3.5',
185 silly addNameRange     '2.4.0' ] ]
186 silly addNamed nan@2.4.0
187 verbose addNamed "2.4.0" is a plain semver version for nan
188 silly cache afterAdd nan@2.4.0
189 verbose afterAdd C:\Users\Administrator\AppData\Roaming\npm-cache\nan\2.4.0\package\package.json not in flight; writing
190 verbose correctMkdir C:\Users\Administrator\AppData\Roaming\npm-cache correctMkdir not in flight; initializing
191 verbose afterAdd C:\Users\Administrator\AppData\Roaming\npm-cache\nan\2.4.0\package\package.json written
192 silly install resolved [ { name: 'nan',
192 silly install resolved     version: '2.4.0',
192 silly install resolved     description: 'Native Abstractions for Node.js: C++ header for Node 0.8 -> 6 compatibility',
192 silly install resolved     main: 'include_dirs.js',
192 silly install resolved     repository: { type: 'git', url: 'git://github.com/nodejs/nan.git' },
192 silly install resolved     scripts:
192 silly install resolved      { test: 'tap --gc --stderr test/js/*-test.js',
192 silly install resolved        'rebuild-tests': 'node-gyp rebuild --msvs_version=2013 --directory test',
192 silly install resolved        docs: 'doc/.build.sh' },
192 silly install resolved     contributors:
192 silly install resolved      [ [Object],
192 silly install resolved        [Object],
192 silly install resolved        [Object],
192 silly install resolved        [Object],
192 silly install resolved        [Object],
192 silly install resolved        [Object],
192 silly install resolved        [Object] ],
192 silly install resolved     devDependencies:
192 silly install resolved      { bindings: '~1.2.1',
192 silly install resolved        commander: '^2.8.1',
192 silly install resolved        glob: '^5.0.14',
192 silly install resolved        'node-gyp': '~3.0.1',
192 silly install resolved        'readable-stream': '^2.1.4',
192 silly install resolved        tap: '~0.7.1',
192 silly install resolved        xtend: '~4.0.0' },
192 silly install resolved     license: 'MIT',
192 silly install resolved     bugs: { url: 'https://github.com/nodejs/nan/issues' },
192 silly install resolved     homepage: 'https://github.com/nodejs/nan#readme',
192 silly install resolved     _id: 'nan@2.4.0',
192 silly install resolved     _shasum: 'fb3c59d45fe4effe215f0b890f8adf6eb32d2232',
192 silly install resolved     _resolved: 'https://registry.npmjs.org/nan/-/nan-2.4.0.tgz',
192 silly install resolved     _from: 'nan@>=2.3.2 <3.0.0',
192 silly install resolved     _npmVersion: '3.3.6',
192 silly install resolved     _nodeVersion: '5.0.0',
192 silly install resolved     _npmUser: { name: 'kkoopa', email: 'bbyholm@abo.fi' },
192 silly install resolved     dist:
192 silly install resolved      { shasum: 'fb3c59d45fe4effe215f0b890f8adf6eb32d2232',
192 silly install resolved        tarball: 'https://registry.npmjs.org/nan/-/nan-2.4.0.tgz' },
192 silly install resolved     maintainers: [ [Object], [Object] ],
192 silly install resolved     _npmOperationalInternal:
192 silly install resolved      { host: 'packages-16-east.internal.npmjs.com',
192 silly install resolved        tmp: 'tmp/nan-2.4.0.tgz_1468158679820_0.6951719264034182' },
192 silly install resolved     directories: {},
192 silly install resolved     readme: 'ERROR: No README data found!' } ]
193 info install nan@2.4.0 into D:\projects\note\node_modules\canvas
194 info installOne nan@2.4.0
195 verbose installOne of nan to D:\projects\note\node_modules\canvas not in flight; installing
196 verbose correctMkdir C:\Users\Administrator\AppData\Roaming\npm-cache\_locks correctMkdir not in flight; initializing
197 verbose lock using C:\Users\Administrator\AppData\Roaming\npm-cache\_locks\nan-a8d319e8573e76b3.lock for D:\projects\note\node_modules\canvas\node_modules\nan
198 silly install write writing nan 2.4.0 to D:\projects\note\node_modules\canvas\node_modules\nan
199 verbose unbuild node_modules\canvas\node_modules\nan
200 silly gentlyRm D:\projects\note\node_modules\canvas\node_modules\nan is being purged from base D:\projects\note
201 verbose gentlyRm don't care about contents; nuking D:\projects\note\node_modules\canvas\node_modules\nan
202 verbose tar unpack C:\Users\Administrator\AppData\Roaming\npm-cache\nan\2.4.0\package.tgz
203 verbose tar unpacking to D:\projects\note\node_modules\canvas\node_modules\nan
204 silly gentlyRm D:\projects\note\node_modules\canvas\node_modules\nan is being purged
205 verbose gentlyRm don't care about contents; nuking D:\projects\note\node_modules\canvas\node_modules\nan
206 silly gunzTarPerm modes [ '777', '666' ]
207 silly gunzTarPerm extractEntry package.json
208 silly gunzTarPerm modified mode [ 'package.json', 436, 438 ]
209 silly gunzTarPerm extractEntry README.md
210 silly gunzTarPerm modified mode [ 'README.md', 436, 438 ]
211 silly gunzTarPerm extractEntry include_dirs.js
212 silly gunzTarPerm modified mode [ 'include_dirs.js', 436, 438 ]
213 silly gunzTarPerm extractEntry nan_callbacks_pre_12_inl.h
214 silly gunzTarPerm modified mode [ 'nan_callbacks_pre_12_inl.h', 436, 438 ]
215 silly gunzTarPerm extractEntry CHANGELOG.md
216 silly gunzTarPerm modified mode [ 'CHANGELOG.md', 436, 438 ]
217 silly gunzTarPerm extractEntry LICENSE.md
218 silly gunzTarPerm modified mode [ 'LICENSE.md', 436, 438 ]
219 silly gunzTarPerm extractEntry doc/node_misc.md
220 silly gunzTarPerm modified mode [ 'doc/node_misc.md', 436, 438 ]
221 silly gunzTarPerm extractEntry doc/asyncworker.md
222 silly gunzTarPerm modified mode [ 'doc/asyncworker.md', 436, 438 ]
223 silly gunzTarPerm extractEntry doc/callback.md
224 silly gunzTarPerm modified mode [ 'doc/callback.md', 436, 438 ]
225 silly gunzTarPerm extractEntry doc/converters.md
226 silly gunzTarPerm modified mode [ 'doc/converters.md', 436, 438 ]
227 silly gunzTarPerm extractEntry doc/errors.md
228 silly gunzTarPerm modified mode [ 'doc/errors.md', 436, 438 ]
229 silly gunzTarPerm extractEntry doc/maybe_types.md
230 silly gunzTarPerm modified mode [ 'doc/maybe_types.md', 436, 438 ]
231 silly gunzTarPerm extractEntry doc/methods.md
232 silly gunzTarPerm modified mode [ 'doc/methods.md', 436, 438 ]
233 silly gunzTarPerm extractEntry doc/new.md
234 silly gunzTarPerm modified mode [ 'doc/new.md', 436, 438 ]
235 silly gunzTarPerm extractEntry doc/buffers.md
236 silly gunzTarPerm modified mode [ 'doc/buffers.md', 436, 438 ]
237 silly gunzTarPerm extractEntry doc/object_wrappers.md
238 silly gunzTarPerm modified mode [ 'doc/object_wrappers.md', 436, 438 ]
239 silly gunzTarPerm extractEntry doc/persistent.md
240 silly gunzTarPerm modified mode [ 'doc/persistent.md', 436, 438 ]
241 silly gunzTarPerm extractEntry doc/scopes.md
242 silly gunzTarPerm modified mode [ 'doc/scopes.md', 436, 438 ]
243 silly gunzTarPerm extractEntry doc/script.md
244 silly gunzTarPerm modified mode [ 'doc/script.md', 436, 438 ]
245 silly gunzTarPerm extractEntry doc/string_bytes.md
246 silly gunzTarPerm modified mode [ 'doc/string_bytes.md', 436, 438 ]
247 silly gunzTarPerm extractEntry doc/v8_internals.md
248 silly gunzTarPerm modified mode [ 'doc/v8_internals.md', 436, 438 ]
249 silly gunzTarPerm extractEntry doc/v8_misc.md
250 silly gunzTarPerm modified mode [ 'doc/v8_misc.md', 436, 438 ]
251 silly gunzTarPerm extractEntry nan.h
252 silly gunzTarPerm modified mode [ 'nan.h', 436, 438 ]
253 silly gunzTarPerm extractEntry nan_callbacks.h
254 silly gunzTarPerm modified mode [ 'nan_callbacks.h', 436, 438 ]
255 silly gunzTarPerm extractEntry nan_callbacks_12_inl.h
256 silly gunzTarPerm modified mode [ 'nan_callbacks_12_inl.h', 436, 438 ]
257 silly gunzTarPerm extractEntry nan_converters.h
258 silly gunzTarPerm modified mode [ 'nan_converters.h', 436, 438 ]
259 silly gunzTarPerm extractEntry nan_converters_43_inl.h
260 silly gunzTarPerm modified mode [ 'nan_converters_43_inl.h', 436, 438 ]
261 silly gunzTarPerm extractEntry nan_converters_pre_43_inl.h
262 silly gunzTarPerm modified mode [ 'nan_converters_pre_43_inl.h', 436, 438 ]
263 silly gunzTarPerm extractEntry nan_implementation_12_inl.h
264 silly gunzTarPerm modified mode [ 'nan_implementation_12_inl.h', 436, 438 ]
265 silly gunzTarPerm extractEntry nan_implementation_pre_12_inl.h
266 silly gunzTarPerm modified mode [ 'nan_implementation_pre_12_inl.h', 436, 438 ]
267 silly gunzTarPerm extractEntry nan_maybe_43_inl.h
268 silly gunzTarPerm modified mode [ 'nan_maybe_43_inl.h', 436, 438 ]
269 silly gunzTarPerm extractEntry nan_maybe_pre_43_inl.h
270 silly gunzTarPerm modified mode [ 'nan_maybe_pre_43_inl.h', 436, 438 ]
271 silly gunzTarPerm extractEntry nan_new.h
272 silly gunzTarPerm modified mode [ 'nan_new.h', 436, 438 ]
273 silly gunzTarPerm extractEntry nan_object_wrap.h
274 silly gunzTarPerm modified mode [ 'nan_object_wrap.h', 436, 438 ]
275 silly gunzTarPerm extractEntry nan_persistent_12_inl.h
276 silly gunzTarPerm modified mode [ 'nan_persistent_12_inl.h', 436, 438 ]
277 silly gunzTarPerm extractEntry nan_persistent_pre_12_inl.h
278 silly gunzTarPerm modified mode [ 'nan_persistent_pre_12_inl.h', 436, 438 ]
279 silly gunzTarPerm extractEntry nan_string_bytes.h
280 silly gunzTarPerm modified mode [ 'nan_string_bytes.h', 436, 438 ]
281 silly gunzTarPerm extractEntry nan_typedarray_contents.h
282 silly gunzTarPerm modified mode [ 'nan_typedarray_contents.h', 436, 438 ]
283 silly gunzTarPerm extractEntry nan_weak.h
284 silly gunzTarPerm modified mode [ 'nan_weak.h', 436, 438 ]
285 silly gunzTarPerm extractEntry tools/package.json
286 silly gunzTarPerm modified mode [ 'tools/package.json', 436, 438 ]
287 silly gunzTarPerm extractEntry tools/README.md
288 silly gunzTarPerm modified mode [ 'tools/README.md', 436, 438 ]
289 silly gunzTarPerm extractEntry tools/1to2.js
290 silly gunzTarPerm modified mode [ 'tools/1to2.js', 509, 511 ]
291 verbose write writing to D:\projects\note\node_modules\canvas\node_modules\nan\package.json
292 info preinstall nan@2.4.0
293 verbose readDependencies loading dependencies from D:\projects\note\node_modules\canvas\node_modules\nan\package.json
294 verbose readDependencies loading dependencies from D:\projects\note\node_modules\canvas\node_modules\nan\package.json
295 silly install resolved []
296 verbose about to build D:\projects\note\node_modules\canvas\node_modules\nan
297 info build D:\projects\note\node_modules\canvas\node_modules\nan
298 info linkStuff nan@2.4.0
299 silly linkStuff nan@2.4.0 has D:\projects\note\node_modules\canvas\node_modules as its parent node_modules
300 verbose linkBins nan@2.4.0
301 verbose linkMans nan@2.4.0
302 verbose rebuildBundles nan@2.4.0
303 info install nan@2.4.0
304 info postinstall nan@2.4.0
305 verbose unlock done using C:\Users\Administrator\AppData\Roaming\npm-cache\_locks\nan-a8d319e8573e76b3.lock for D:\projects\note\node_modules\canvas\node_modules\nan
306 verbose about to build D:\projects\note\node_modules\canvas
307 info build D:\projects\note\node_modules\canvas
308 info linkStuff canvas@1.4.0
309 silly linkStuff canvas@1.4.0 has D:\projects\note\node_modules as its parent node_modules
310 verbose linkBins canvas@1.4.0
311 verbose linkMans canvas@1.4.0
312 verbose rebuildBundles canvas@1.4.0
313 verbose rebuildBundles [ 'nan' ]
314 info install canvas@1.4.0
315 verbose unsafe-perm in lifecycle true
316 info canvas@1.4.0 Failed to exec install script
317 verbose unlock done using C:\Users\Administrator\AppData\Roaming\npm-cache\_locks\canvas-114f0677d136c153.lock for D:\projects\note\node_modules\canvas
318 verbose stack Error: canvas@1.4.0 install: `node-gyp rebuild`
318 verbose stack Exit status 1
318 verbose stack     at EventEmitter.<anonymous> (D:\Program Files\nodejs\node_modules\npm\lib\utils\lifecycle.js:217:16)
318 verbose stack     at emitTwo (events.js:87:13)
318 verbose stack     at EventEmitter.emit (events.js:172:7)
318 verbose stack     at ChildProcess.<anonymous> (D:\Program Files\nodejs\node_modules\npm\lib\utils\spawn.js:24:14)
318 verbose stack     at emitTwo (events.js:87:13)
318 verbose stack     at ChildProcess.emit (events.js:172:7)
318 verbose stack     at maybeClose (internal/child_process.js:827:16)
318 verbose stack     at Process.ChildProcess._handle.onexit (internal/child_process.js:211:5)
319 verbose pkgid canvas@1.4.0
320 verbose cwd D:\projects\note
321 error Windows_NT 10.0.10586
322 error argv "D:\\Program Files\\nodejs\\node.exe" "D:\\Program Files\\nodejs\\node_modules\\npm\\bin\\npm-cli.js" "install" "canvas"
323 error node v4.4.3
324 error npm  v2.15.1
325 error code ELIFECYCLE
326 error canvas@1.4.0 install: `node-gyp rebuild`
326 error Exit status 1
327 error Failed at the canvas@1.4.0 install script 'node-gyp rebuild'.
327 error This is most likely a problem with the canvas package,
327 error not with npm itself.
327 error Tell the author that this fails on your system:
327 error     node-gyp rebuild
327 error You can get information on how to open an issue for this project with:
327 error     npm bugs canvas
327 error Or if that isn't available, you can get their info via:
327 error
327 error     npm owner ls canvas
327 error There is likely additional logging output above.
328 verbose exit [ 1, true ]
329 verbose unbuild node_modules\canvas
330 info preuninstall canvas@1.4.0
331 info uninstall canvas@1.4.0
332 verbose unbuild rmStuff canvas@1.4.0 from D:\projects\note\node_modules
333 info postuninstall canvas@1.4.0
334 silly gentlyRm D:\projects\note\node_modules\canvas is being purged from base D:\projects\note
335 verbose gentlyRm don't care about contents; nuking D:\projects\note\node_modules\canvas
336 silly vacuum-fs purging D:\projects\note\node_modules\canvas
337 silly vacuum-fs quitting because other entries in D:\projects\note\node_modules
